[2024-02-20T04:44:09.564] [ERROR] error - SERVER ERROR ConnectionRefusedError [SequelizeConnectionRefusedError]: connect ECONNREFUSED ::1:3306
    at ConnectionManager.connect (D:\Dev SIPPP\assetRebuildClone\BEAssetReborn\node_modules\sequelize\src\dialects\mysql\connection-manager.js:116:17)
    at processTicksAndRejections (node:internal/process/task_queues:95:5)
    at async ConnectionManager._connect (D:\Dev SIPPP\assetRebuildClone\BEAssetReborn\node_modules\sequelize\src\dialects\abstract\connection-manager.js:332:24)
    at async D:\Dev SIPPP\assetRebuildClone\BEAssetReborn\node_modules\sequelize\src\dialects\abstract\connection-manager.js:250:32
    at async ConnectionManager.getConnection (D:\Dev SIPPP\assetRebuildClone\BEAssetReborn\node_modules\sequelize\src\dialects\abstract\connection-manager.js:280:7)
    at async D:\Dev SIPPP\assetRebuildClone\BEAssetReborn\node_modules\sequelize\src\sequelize.js:638:26
    at async MySQLQueryInterface.tableExists (D:\Dev SIPPP\assetRebuildClone\BEAssetReborn\node_modules\sequelize\src\dialects\abstract\query-interface.js:242:17)
    at async Function.sync (D:\Dev SIPPP\assetRebuildClone\BEAssetReborn\node_modules\sequelize\src\model.js:1349:21)
    at async Sequelize.sync (D:\Dev SIPPP\assetRebuildClone\BEAssetReborn\node_modules\sequelize\src\sequelize.js:825:9) {
  parent: Error: connect ECONNREFUSED ::1:3306
      at TCPConnectWrap.afterConnect [as oncomplete] (node:net:1494:16) {
    errno: -4078,
    code: 'ECONNREFUSED',
    syscall: 'connect',
    address: '::1',
    port: 3306,
    fatal: true
  },
  original: Error: connect ECONNREFUSED ::1:3306
      at TCPConnectWrap.afterConnect [as oncomplete] (node:net:1494:16) {
    errno: -4078,
    code: 'ECONNREFUSED',
    syscall: 'connect',
    address: '::1',
    port: 3306,
    fatal: true
  }
}
[2024-02-20T04:45:53.741] [ERROR] error - CustomError: Data Tidak Ada
    at D:\Dev SIPPP\assetRebuildClone\BEAssetReborn\src\controllers\web\trxbarangpersediaan-controller.ts:594:19
    at Generator.next (<anonymous>)
    at fulfilled (D:\Dev SIPPP\assetRebuildClone\BEAssetReborn\src\controllers\web\trxbarangpersediaan-controller.ts:5:58)
    at processTicksAndRejections (node:internal/process/task_queues:95:5) {
  code: 499,
  status: 'error'
}
[2024-02-20T04:46:34.960] [ERROR] error - CustomError: Data Tidak Ada
    at D:\Dev SIPPP\assetRebuildClone\BEAssetReborn\src\controllers\web\trxbarangpersediaan-controller.ts:612:19
    at Generator.next (<anonymous>)
    at fulfilled (D:\Dev SIPPP\assetRebuildClone\BEAssetReborn\src\controllers\web\trxbarangpersediaan-controller.ts:5:58)
    at processTicksAndRejections (node:internal/process/task_queues:95:5) {
  code: 499,
  status: 'error'
}
[2024-02-20T04:47:08.738] [ERROR] error - CustomError: Data Tidak Ada
    at D:\Dev SIPPP\assetRebuildClone\BEAssetReborn\src\controllers\web\trxbarangpersediaan-controller.ts:630:19
    at Generator.next (<anonymous>)
    at fulfilled (D:\Dev SIPPP\assetRebuildClone\BEAssetReborn\src\controllers\web\trxbarangpersediaan-controller.ts:5:58)
    at processTicksAndRejections (node:internal/process/task_queues:95:5) {
  code: 499,
  status: 'error'
}
[2024-02-20T04:47:11.551] [ERROR] error - CustomError: Data Tidak Ada
    at D:\Dev SIPPP\assetRebuildClone\BEAssetReborn\src\controllers\web\trxbarangpersediaan-controller.ts:630:19
    at Generator.next (<anonymous>)
    at fulfilled (D:\Dev SIPPP\assetRebuildClone\BEAssetReborn\src\controllers\web\trxbarangpersediaan-controller.ts:5:58)
    at processTicksAndRejections (node:internal/process/task_queues:95:5) {
  code: 499,
  status: 'error'
}
[2024-02-20T04:48:34.360] [ERROR] error - CustomError: Data Tidak Ada
    at D:\Dev SIPPP\assetRebuildClone\BEAssetReborn\src\controllers\web\trxbarangpersediaan-controller.ts:630:19
    at Generator.next (<anonymous>)
    at fulfilled (D:\Dev SIPPP\assetRebuildClone\BEAssetReborn\src\controllers\web\trxbarangpersediaan-controller.ts:5:58)
    at processTicksAndRejections (node:internal/process/task_queues:95:5) {
  code: 499,
  status: 'error'
}
[2024-02-20T04:48:58.402] [ERROR] error - CustomError: Data Tidak Ada
    at D:\Dev SIPPP\assetRebuildClone\BEAssetReborn\src\controllers\web\trxbarangpersediaan-controller.ts:630:19
    at Generator.next (<anonymous>)
    at fulfilled (D:\Dev SIPPP\assetRebuildClone\BEAssetReborn\src\controllers\web\trxbarangpersediaan-controller.ts:5:58)
    at processTicksAndRejections (node:internal/process/task_queues:95:5) {
  code: 499,
  status: 'error'
}
[2024-02-20T04:49:29.693] [ERROR] error - CustomError: Data Tidak Ada
    at D:\Dev SIPPP\assetRebuildClone\BEAssetReborn\src\controllers\web\trxbarangpersediaan-controller.ts:612:19
    at Generator.next (<anonymous>)
    at fulfilled (D:\Dev SIPPP\assetRebuildClone\BEAssetReborn\src\controllers\web\trxbarangpersediaan-controller.ts:5:58)
    at processTicksAndRejections (node:internal/process/task_queues:95:5) {
  code: 499,
  status: 'error'
}
[2024-02-20T04:49:33.098] [ERROR] error - CustomError: Data Tidak Ada
    at D:\Dev SIPPP\assetRebuildClone\BEAssetReborn\src\controllers\web\trxbarangpersediaan-controller.ts:594:19
    at Generator.next (<anonymous>)
    at fulfilled (D:\Dev SIPPP\assetRebuildClone\BEAssetReborn\src\controllers\web\trxbarangpersediaan-controller.ts:5:58)
    at processTicksAndRejections (node:internal/process/task_queues:95:5) {
  code: 499,
  status: 'error'
}
